  text.c
  settings.c
c:\users\pc95\proj\notepad\notepad\settings.c(189): warning C4996: 'wcscpy': This function or variable may be unsafe. Consider using wcscpy_s instead. To disable deprecation, use _CRT_SECURE_NO_WARNINGS. See online help for details.
  c:\program files (x86)\windows kits\10\include\10.0.16299.0\ucrt\corecrt_wstring.h(123): note: 'wcscpy' 선언을 참조하십시오.
  main.c
c:\users\pc95\proj\notepad\notepad\main.c(219): warning C4996: '_snwprintf': This function or variable may be unsafe. Consider using _snwprintf_s instead. To disable deprecation, use _CRT_SECURE_NO_WARNINGS. See online help for details.
  c:\program files (x86)\windows kits\10\include\10.0.16299.0\ucrt\corecrt_wstdio.h(1667): note: '_snwprintf' 선언을 참조하십시오.
c:\users\pc95\proj\notepad\notepad\main.c(268): warning C4996: 'wcscpy': This function or variable may be unsafe. Consider using wcscpy_s instead. To disable deprecation, use _CRT_SECURE_NO_WARNINGS. See online help for details.
  c:\program files (x86)\windows kits\10\include\10.0.16299.0\ucrt\corecrt_wstring.h(123): note: 'wcscpy' 선언을 참조하십시오.
c:\users\pc95\proj\notepad\notepad\main.c(272): warning C4996: 'wcscpy': This function or variable may be unsafe. Consider using wcscpy_s instead. To disable deprecation, use _CRT_SECURE_NO_WARNINGS. See online help for details.
  c:\program files (x86)\windows kits\10\include\10.0.16299.0\ucrt\corecrt_wstring.h(123): note: 'wcscpy' 선언을 참조하십시오.
c:\users\pc95\proj\notepad\notepad\main.c(549): warning C4996: 'wcsncpy': This function or variable may be unsafe. Consider using wcsncpy_s instead. To disable deprecation, use _CRT_SECURE_NO_WARNINGS. See online help for details.
  c:\program files (x86)\windows kits\10\include\10.0.16299.0\ucrt\corecrt_wstring.h(205): note: 'wcsncpy' 선언을 참조하십시오.
c:\users\pc95\proj\notepad\notepad\main.c(550): warning C4996: 'wcscat': This function or variable may be unsafe. Consider using wcscat_s instead. To disable deprecation, use _CRT_SECURE_NO_WARNINGS. See online help for details.
  c:\program files (x86)\windows kits\10\include\10.0.16299.0\ucrt\corecrt_wstring.h(100): note: 'wcscat' 선언을 참조하십시오.
  license.c
  dialog.c
c:\users\pc95\proj\notepad\notepad\dialog.c(108): warning C4996: '_snwprintf': This function or variable may be unsafe. Consider using _snwprintf_s instead. To disable deprecation, use _CRT_SECURE_NO_WARNINGS. See online help for details.
  c:\program files (x86)\windows kits\10\include\10.0.16299.0\ucrt\corecrt_wstdio.h(1667): note: '_snwprintf' 선언을 참조하십시오.
c:\users\pc95\proj\notepad\notepad\dialog.c(368): warning C4133: '함수': 'ENCODING *'과(와) 'int *' 사이의 형식이 호환되지 않습니다.
c:\users\pc95\proj\notepad\notepad\dialog.c(420): warning C4996: 'wcscpy': This function or variable may be unsafe. Consider using wcscpy_s instead. To disable deprecation, use _CRT_SECURE_NO_WARNINGS. See online help for details.
  c:\program files (x86)\windows kits\10\include\10.0.16299.0\ucrt\corecrt_wstring.h(123): note: 'wcscpy' 선언을 참조하십시오.
c:\users\pc95\proj\notepad\notepad\dialog.c(422): warning C4996: 'wcscpy': This function or variable may be unsafe. Consider using wcscpy_s instead. To disable deprecation, use _CRT_SECURE_NO_WARNINGS. See online help for details.
  c:\program files (x86)\windows kits\10\include\10.0.16299.0\ucrt\corecrt_wstring.h(123): note: 'wcscpy' 선언을 참조하십시오.
c:\users\pc95\proj\notepad\notepad\dialog.c(521): warning C4996: 'wcscpy': This function or variable may be unsafe. Consider using wcscpy_s instead. To disable deprecation, use _CRT_SECURE_NO_WARNINGS. See online help for details.
  c:\program files (x86)\windows kits\10\include\10.0.16299.0\ucrt\corecrt_wstring.h(123): note: 'wcscpy' 선언을 참조하십시오.
c:\users\pc95\proj\notepad\notepad\dialog.c(523): warning C4996: 'wcscpy': This function or variable may be unsafe. Consider using wcscpy_s instead. To disable deprecation, use _CRT_SECURE_NO_WARNINGS. See online help for details.
  c:\program files (x86)\windows kits\10\include\10.0.16299.0\ucrt\corecrt_wstring.h(123): note: 'wcscpy' 선언을 참조하십시오.
c:\users\pc95\proj\notepad\notepad\dialog.c(585): warning C4996: 'wcscpy': This function or variable may be unsafe. Consider using wcscpy_s instead. To disable deprecation, use _CRT_SECURE_NO_WARNINGS. See online help for details.
  c:\program files (x86)\windows kits\10\include\10.0.16299.0\ucrt\corecrt_wstring.h(123): note: 'wcscpy' 선언을 참조하십시오.
c:\users\pc95\proj\notepad\notepad\dialog.c(819): warning C4996: 'wcscpy': This function or variable may be unsafe. Consider using wcscpy_s instead. To disable deprecation, use _CRT_SECURE_NO_WARNINGS. See online help for details.
  c:\program files (x86)\windows kits\10\include\10.0.16299.0\ucrt\corecrt_wstring.h(123): note: 'wcscpy' 선언을 참조하십시오.
c:\users\pc95\proj\notepad\notepad\dialog.c(820): warning C4996: 'wcscat': This function or variable may be unsafe. Consider using wcscat_s instead. To disable deprecation, use _CRT_SECURE_NO_WARNINGS. See online help for details.
  c:\program files (x86)\windows kits\10\include\10.0.16299.0\ucrt\corecrt_wstring.h(100): note: 'wcscat' 선언을 참조하십시오.
c:\users\pc95\proj\notepad\notepad\dialog.c(822): warning C4996: 'wcscat': This function or variable may be unsafe. Consider using wcscat_s instead. To disable deprecation, use _CRT_SECURE_NO_WARNINGS. See online help for details.
  c:\program files (x86)\windows kits\10\include\10.0.16299.0\ucrt\corecrt_wstring.h(100): note: 'wcscat' 선언을 참조하십시오.
c:\users\pc95\proj\notepad\notepad\dialog.c(1095): warning C4996: '_snwprintf': This function or variable may be unsafe. Consider using _snwprintf_s instead. To disable deprecation, use _CRT_SECURE_NO_WARNINGS. See online help for details.
  c:\program files (x86)\windows kits\10\include\10.0.16299.0\ucrt\corecrt_wstdio.h(1667): note: '_snwprintf' 선언을 참조하십시오.
c:\users\pc95\proj\notepad\notepad\dialog.c(1172): warning C4996: '_swprintf': This function or variable may be unsafe. Consider using swprintf_s instead. To disable deprecation, use _CRT_SECURE_NO_WARNINGS. See online help for details.
  c:\program files (x86)\windows kits\10\include\10.0.16299.0\ucrt\corecrt_wstdio.h(1446): note: '_swprintf' 선언을 참조하십시오.
  코드를 생성하고 있습니다...
dialog.obj : warning LNK4075: '/EDITANDCONTINUE'이(가) '/SAFESEH' 사양으로 인해 무시됩니다.
  notepad.vcxproj -> C:\Users\pc95\PROJ\notepad\Debug\notepad.exe
